mode: set
wallet/repository/wallet_repository.go:20.68,22.2 1 0
wallet/repository/wallet_repository.go:24.78,26.9 2 1
wallet/repository/wallet_repository.go:29.2,29.15 1 1
wallet/repository/wallet_repository.go:26.9,28.3 1 1
wallet/repository/wallet_repository.go:31.68,33.9 2 1
wallet/repository/wallet_repository.go:37.2,37.15 1 1
wallet/repository/wallet_repository.go:33.9,36.3 2 1
wallet/repository/wallet_repository.go:39.84,41.9 2 1
wallet/repository/wallet_repository.go:44.2,44.16 1 1
wallet/repository/wallet_repository.go:49.2,50.26 2 1
wallet/repository/wallet_repository.go:41.9,43.3 1 1
wallet/repository/wallet_repository.go:44.16,45.58 1 1
wallet/repository/wallet_repository.go:45.58,47.4 1 1
wallet/repository/wallet_repository.go:52.45,54.2 1 1
wallet/controllers/wallet_controller.go:22.82,23.32 1 1
wallet/controllers/wallet_controller.go:27.2,28.16 2 1
wallet/controllers/wallet_controller.go:32.2,36.30 4 1
wallet/controllers/wallet_controller.go:23.32,26.3 2 1
wallet/controllers/wallet_controller.go:28.16,31.3 2 1
wallet/controllers/wallet_controller.go:38.88,39.32 1 1
wallet/controllers/wallet_controller.go:44.2,46.16 3 1
wallet/controllers/wallet_controller.go:52.2,55.30 4 1
wallet/controllers/wallet_controller.go:39.32,42.3 2 1
wallet/controllers/wallet_controller.go:46.16,50.3 3 1
wallet/controllers/wallet_controller.go:57.78,58.32 1 1
wallet/controllers/wallet_controller.go:62.2,63.20 2 1
wallet/controllers/wallet_controller.go:68.2,69.16 2 1
wallet/controllers/wallet_controller.go:74.2,78.23 4 1
wallet/controllers/wallet_controller.go:58.32,61.3 2 1
wallet/controllers/wallet_controller.go:63.20,67.3 3 1
wallet/controllers/wallet_controller.go:69.16,73.3 3 0
wallet/controllers/wallet_controller.go:80.79,81.33 1 1
wallet/controllers/wallet_controller.go:85.2,86.20 2 1
wallet/controllers/wallet_controller.go:91.2,93.16 3 1
wallet/controllers/wallet_controller.go:98.2,99.16 2 1
wallet/controllers/wallet_controller.go:104.2,107.23 4 1
wallet/controllers/wallet_controller.go:81.33,84.3 2 1
wallet/controllers/wallet_controller.go:86.20,90.3 3 1
wallet/controllers/wallet_controller.go:93.16,96.3 2 0
wallet/controllers/wallet_controller.go:99.16,103.3 3 0
wallet/controllers/wallet_controller.go:109.71,111.2 1 1
wallet/handler/wallet_handler.go:17.81,18.32 1 1
wallet/handler/wallet_handler.go:18.32,21.21 2 1
wallet/handler/wallet_handler.go:21.21,23.4 1 1
wallet/handler/wallet_handler.go:23.9,25.4 1 1
wallet/handler/wallet_handler.go:26.8,26.40 1 1
wallet/handler/wallet_handler.go:26.40,29.3 1 1
wallet/handler/wallet_handler.go:29.8,29.39 1 1
wallet/handler/wallet_handler.go:29.39,31.3 1 1
wallet/handler/wallet_handler.go:31.8,34.3 2 0
wallet/handler/wallet_handler.go:37.70,39.2 1 1
wallet/service/wallet_service.go:19.59,22.28 3 1
wallet/service/wallet_service.go:25.2,25.24 1 1
wallet/service/wallet_service.go:22.28,24.3 1 1
wallet/service/wallet_service.go:27.71,29.16 2 1
wallet/service/wallet_service.go:32.2,33.24 2 1
wallet/service/wallet_service.go:29.16,31.3 1 0
wallet/service/wallet_service.go:35.77,37.16 2 1
wallet/service/wallet_service.go:40.2,41.24 2 1
wallet/service/wallet_service.go:37.16,39.3 1 0
wallet/service/wallet_service.go:43.90,45.16 2 1
wallet/service/wallet_service.go:48.2,49.24 2 1
wallet/service/wallet_service.go:45.16,47.3 1 0
wallet/service/wallet_service.go:51.71,53.2 1 1
